<?xml version="1.0" encoding="UTF-8"?>
<!-- Generated by org.testng.reporters.JUnitReportReporter -->
<testsuite hostname="DESKTOP-NNDQ7J5" failures="0" tests="2" name="TestNG_Basics.TestNG_Annotations" time="0.037" errors="0" timestamp="2022-03-25T09:11:30 IST" skipped="0">
  <testcase classname="TestNG_Basics.TestNG_Annotations" name="testcase2" time="0.012"/>
  <system-out/>
  <testcase classname="TestNG_Basics.TestNG_Annotations" name="testcase1" time="0.025"/>
  <system-out/>
</testsuite> <!-- TestNG_Basics.TestNG_Annotations -->
