<?xml version="1.0" encoding="UTF-8"?>
<!-- Generated by org.testng.reporters.JUnitReportReporter -->
<testsuite hostname="DESKTOP-NNDQ7J5" failures="0" tests="2" name="TestNG_Basics.menuLinks_TestCases" time="12.303" errors="0" timestamp="2022-03-25T09:11:30 IST" skipped="0">
  <testcase classname="TestNG_Basics.menuLinks_TestCases" name="verifyMenu_addNewStudent" time="7.448"/>
  <system-out/>
  <testcase classname="TestNG_Basics.menuLinks_TestCases" name="verifyMenu_admittedStudent" time="4.855"/>
  <system-out/>
</testsuite> <!-- TestNG_Basics.menuLinks_TestCases -->
