<?xml version="1.0" encoding="UTF-8"?>
<!-- Generated by org.testng.reporters.JUnitReportReporter -->
<testsuite hostname="DESKTOP-NNDQ7J5" failures="0" tests="2" name="com.qa.examTest.testCases.loginPageTest" time="13.993" errors="0" timestamp="2022-04-19T08:03:51 IST" skipped="0">
  <testcase classname="com.qa.examTest.testCases.loginPageTest" name="verifyInvalidLogin" time="7.392"/>
  <system-out/>
  <testcase classname="com.qa.examTest.testCases.loginPageTest" name="verifyValidLogin" time="6.601"/>
  <system-out/>
</testsuite> <!-- com.qa.examTest.testCases.loginPageTest -->
