<?xml version="1.0" encoding="UTF-8"?>
<!-- Generated by org.testng.reporters.JUnitReportReporter -->
<testsuite hostname="DESKTOP-NNDQ7J5" failures="0" tests="1" name="com.qa.examTest.basePackage.baseClass" time="0.025" errors="0" timestamp="2022-04-16T08:32:48 IST" skipped="0">
  <testcase classname="com.qa.examTest.basePackage.baseClass" name="connection" time="0.025"/>
  <system-out/>
</testsuite> <!-- com.qa.examTest.basePackage.baseClass -->
