<?xml version="1.0" encoding="UTF-8"?>
<!-- Generated by org.testng.reporters.JUnitReportReporter -->
<testsuite hostname="DESKTOP-NNDQ7J5" failures="0" tests="2" name="com.qa.examTest.testCases.loginPageTest" time="15.709" errors="0" timestamp="2022-04-17T08:11:27 IST" skipped="0">
  <testcase classname="com.qa.examTest.testCases.loginPageTest" name="verifyValidLogin" time="5.972"/>
  <system-out/>
  <testcase classname="com.qa.examTest.testCases.loginPageTest" name="verifyInvalidLogin" time="9.737"/>
  <system-out/>
</testsuite> <!-- com.qa.examTest.testCases.loginPageTest -->
