<?xml version="1.0" encoding="UTF-8"?>
<!-- Generated by org.testng.reporters.JUnitReportReporter -->
<testsuite hostname="DESKTOP-NNDQ7J5" failures="0" tests="1" name="com.qa.examTest.pages.loginPage" time="0.029" errors="0" timestamp="2022-04-16T08:34:47 IST" skipped="0">
  <testcase classname="com.qa.examTest.pages.loginPage" name="connection" time="0.029"/>
  <system-out/>
</testsuite> <!-- com.qa.examTest.pages.loginPage -->
