<?xml version="1.0" encoding="UTF-8"?>
<!-- Generated by org.testng.reporters.JUnitReportReporter -->
<testsuite hostname="DESKTOP-NNDQ7J5" failures="0" tests="1" name="onlineTestExam_testNG.registration" time="5.469" errors="0" timestamp="2022-03-29T08:18:49 IST" skipped="0">
  <testcase classname="onlineTestExam_testNG.registration" name="registerValidUser" time="5.469"/>
  <system-out/>
</testsuite> <!-- onlineTestExam_testNG.registration -->
