<?xml version="1.0" encoding="UTF-8"?>
<!-- Generated by org.testng.reporters.JUnitReportReporter -->
<testsuite hostname="DESKTOP-NNDQ7J5" failures="0" tests="2" name="onlineTestExam_testNG.login" time="5.371" errors="0" timestamp="2022-03-29T08:31:17 IST" skipped="0">
  <testcase classname="onlineTestExam_testNG.login" name="verifyInvalidUserLogin" time="1.541"/>
  <system-out/>
  <testcase classname="onlineTestExam_testNG.login" name="verifyValidUserLogin" time="3.830"/>
  <system-out/>
</testsuite> <!-- onlineTestExam_testNG.login -->
